
> Configure project :
Architect Plugin: 3.4.162
Architectury Loom: 1.13.469
This version of Architectury Loom is in beta! Please report any issues you encounter: https://github.com/architectury/architectury-loom/issues

> Task :neoforge:processResources UP-TO-DATE
> Task :neoforge:generateLog4jConfig UP-TO-DATE
> Task :neoforge:generateRemapClasspath UP-TO-DATE
> Task :common:compileJava UP-TO-DATE
> Task :common:processResources UP-TO-DATE
> Task :common:classes UP-TO-DATE
> Task :common:jar UP-TO-DATE
> Task :neoforge:compileJava UP-TO-DATE
> Task :neoforge:classes UP-TO-DATE
> Task :neoforge:generateDLIConfig UP-TO-DATE
> Task :neoforge:prepareArchitecturyTransformer
> Task :neoforge:configureLaunch
> Task :neoforge:downloadAssets UP-TO-DATE
> Task :neoforge:configureClientLaunch

> Task :neoforge:runClient
[Architectury Transformer] Architectury Runtime 5.2.87
[Architectury Transformer] Read classpath in 1.348 s
[Architectury Transformer] Listening at D:\satyrnidae\minecraft\mods\a-fools-barrel\common\build\devlibs\foolsbarrel-common-21.1.0-SNAPSHOT-dev.jar
java.lang.StringIndexOutOfBoundsException: Range [0, -1) out of bounds for length 68
	at java.base/jdk.internal.util.Preconditions$1.apply(Preconditions.java:55)
	at java.base/jdk.internal.util.Preconditions$1.apply(Preconditions.java:52)
	at java.base/jdk.internal.util.Preconditions$4.apply(Preconditions.java:213)
	at java.base/jdk.internal.util.Preconditions$4.apply(Preconditions.java:210)
	at java.base/jdk.internal.util.Preconditions.outOfBounds(Preconditions.java:98)
	at java.base/jdk.internal.util.Preconditions.outOfBoundsCheckFromToIndex(Preconditions.java:112)
	at java.base/jdk.internal.util.Preconditions.checkFromToIndex(Preconditions.java:349)
	at java.base/java.lang.String.checkBoundsBeginEnd(String.java:4861)
	at java.base/java.lang.String.substring(String.java:2830)
	at dev.architectury.transformer.TransformerRuntime.lambda$null$8(TransformerRuntime.java:250)
	at dev.architectury.transformer.input.BaseFileAccess.handle(BaseFileAccess.java:56)
	at dev.architectury.transformer.input.ForwardingFileView.handle(ForwardingFileView.java:42)
	at dev.architectury.transformer.TransformerRuntime.lambda$removeDuplicates$9(TransformerRuntime.java:246)
	at java.base/java.util.ArrayList.removeIf(ArrayList.java:1755)
	at java.base/java.util.ArrayList.removeIf(ArrayList.java:1743)
	at dev.architectury.transformer.TransformerRuntime.removeDuplicates(TransformerRuntime.java:240)
	at dev.architectury.transformer.TransformerRuntime.main(TransformerRuntime.java:214)
ERROR StatusConsoleListener Unable to delete file D:\satyrnidae\minecraft\mods\a-fools-barrel\neoforge\run\logs\latest.log: java.nio.file.FileSystemException D:\satyrnidae\minecraft\mods\a-fools-barrel\neoforge\run\logs\latest.log: The process cannot access the file because it is being used by another process
ERROR StatusConsoleListener Unable to delete file D:\satyrnidae\minecraft\mods\a-fools-barrel\neoforge\run\logs\debug.log: java.nio.file.FileSystemException D:\satyrnidae\minecraft\mods\a-fools-barrel\neoforge\run\logs\debug.log: The process cannot access the file because it is being used by another process
[34m[19:10:12][m [32m[main/INFO][m [36m(Launcher)[m [0mModLauncher running: args [--launchTarget, forgeclientdev, --version, 21.1.220, --assetIndex, 1.21.1-17, --assetsDir, C:\Users\maskr\.gradle\caches\fabric-loom\assets, --gameDir, ., --fml.fmlVersion, 4.0.42, --fml.mcVersion, 1.21.1, --fml.neoForgeVersion, 21.1.220, --fml.neoFormVersion, 20240808.144430, --username, Player2]
[m[34m[19:10:12][m [32m[main/INFO][m [36m(Launcher)[m [0mJVM identified as Eclipse Adoptium OpenJDK 64-Bit Server VM 21+35-LTS
[m[34m[19:10:12][m [32m[main/INFO][m [36m(Launcher)[m [0mModLauncher 11.0.5+main.901c6ea8 starting: java version 21 by Eclipse Adoptium; OS Windows 11 arch amd64 version 10.0
[m[34m[19:10:12][m [32m[main/INFO][m [36m(unprotect)[m [0mInitializing Unprotect using ModLauncher backend, target: Minecraft and loader classes (minecraft+forge)
[m[34m[19:10:13][m [32m[main/INFO][m [36m(ImmediateWindowHandler)[m [0mLoading ImmediateWindowProvider fmlearlywindow
[m[34m[19:10:13][m [32m[main/INFO][m [36m(EARLYDISPLAY)[m [0mTrying GL version 4.6
[m[34m[19:10:13][m [32m[main/INFO][m [36m(EARLYDISPLAY)[m [0mRequested GL version 4.6 got version 4.6
[m[34m[19:10:14][m [32m[main/INFO][m [36m(mixin)[m [0mSpongePowered MIXIN Subsystem Version=0.8.7 Source=union:/C:/Users/maskr/.gradle/caches/modules-2/files-2.1/net.fabricmc/sponge-mixin/0.15.2+mixin.0.8.7/2af2f021d8e02a0220dc27a7a72b4666d66d44ca/sponge-mixin-0.15.2+mixin.0.8.7.jar%23127!/ Service=ModLauncher Env=CLIENT
[m[34m[19:10:14][m [32m[pool-5-thread-1/INFO][m [36m(EARLYDISPLAY)[m [0mGL info: AMD Radeon RX 6600 GL version 4.6.0 Core Profile Context 26.3.1.260303, ATI Technologies Inc.
[m[34m[19:10:14][m [32m[main/INFO][m [36m(ModDiscoverer)[m [0mFound mod file "neoforge-21.1.220-minecraft-merged-1.21.1-loom.mappings.1_21_1.layered+hash.40359-v2-neoforge-21.1.220.jar" [locator: neoforge devenv provider ([C:\Users\maskr\.gradle\caches\fabric-loom\minecraftMaven\net\minecraft\neoforge-21.1.220-minecraft-merged\1.21.1-loom.mappings.1_21_1.layered+hash.40359-v2-neoforge-21.1.220\neoforge-21.1.220-minecraft-merged-1.21.1-loom.mappings.1_21_1.layered+hash.40359-v2-neoforge-21.1.220.jar])]
[m[34m[19:10:14][m [32m[main/INFO][m [36m(ModDiscoverer)[m [0mFound mod file "neoforge-21.1.220-minecraft-merged-1.21.1-loom.mappings.1_21_1.layered+hash.40359-v2-neoforge-21.1.220.jar" [locator: neoforge devenv provider ([C:\Users\maskr\.gradle\caches\fabric-loom\minecraftMaven\net\minecraft\neoforge-21.1.220-minecraft-merged\1.21.1-loom.mappings.1_21_1.layered+hash.40359-v2-neoforge-21.1.220\neoforge-21.1.220-minecraft-merged-1.21.1-loom.mappings.1_21_1.layered+hash.40359-v2-neoforge-21.1.220.jar])]
[m[34m[19:10:14][m [32m[main/INFO][m [36m(ModDiscoverer)[m [0mFound mod file "main" [locator: userdev mods and services, reader: mod manifest]
[m[34m[19:10:14][m [32m[main/INFO][m [36m(ModDiscoverer)[m [0mFound mod file "neoforge-21.1.220-minecraft-merged-1.21.1-loom.mappings.1_21_1.layered+hash.40359-v2-neoforge-21.1.220.jar" [locator: userdev mods and services, reader: mod manifest]
[m[34m[19:10:14][m [32m[main/INFO][m [36m(ModDiscoverer)[m [0mFound mod file "architectury-neoforge-7f81b932-13.0.6.jar" [locator: userdev mods and services, reader: mod manifest]
[m[34m[19:10:14][m [32m[main/INFO][m [36m(ModDiscoverer)[m [0mFound mod file "lepidopterapi-neoforge-7f81b932-1.0.0+1.21.1.jar" [locator: userdev mods and services, reader: mod manifest]
[m[34m[19:10:14][m [32m[main/INFO][m [36m(ModDiscoverer)[m [0mFound mod file "cloth-config-neoforge-7f81b932-15.0.140-neoforge.jar" [locator: userdev mods and services, reader: mod manifest]
[m[34m[19:10:14][m [32m[main/INFO][m [36m(ModDiscoverer)[m [0mFound mod file "15625088947843797241.jar" [locator: userdev mods and services, reader: mod manifest]
[m[34m[19:10:14][m [32m[main/INFO][m [36m(ModDiscoverer)[m [0mFound gamelibrary file "mixinextras-neoforge-0.5.0.jar" [locator: userdev mods and services, reader: mod manifest]
[m[34m[19:10:14][m [33m[main/WARN][m [36m(JarSelector)[m [0mAttempted to select a dependency jar for JarJar which was passed in as source: library:mixinextras.neoforge. Using Mod File: C:\Users\maskr\.gradle\caches\modules-2\files-2.1\io.github.llamalad7\mixinextras-neoforge\0.5.0\d734b83ce6542bb70ea31755c1595b88992dbe65\mixinextras-neoforge-0.5.0.jar
[m[34m[19:10:14][m [32m[main/INFO][m [36m(JarInJarDependencyLocator)[m [0mFound 1 dependencies adding them to mods collection
[m[34m[19:10:14][m [32m[main/INFO][m [36m(ModDiscoverer)[m [0mFound library file "net.neoforged.neoforge-coremods-21.1.220.jar" [parent: neoforge-21.1.220-minecraft-merged-1.21.1-loom.mappings.1_21_1.layered+hash.40359-v2-neoforge-21.1.220.jar, locator: jarinjar, reader: mod manifest]
[m[34m[19:10:14][m [32m[main/INFO][m [36m(ModDiscoverer)[m [0m
     Mod List:
		Name Version (Mod Id)

		A Fool's Barrel 21.1.0-SNAPSHOT (foolsbarrel)
		Architectury 13.0.6 (architectury)
		Cloth Config v15 API 15.0.140 (cloth_config)
		generated_9f0c762 1 (generated_9f0c762)
		Lepidoptera API 1.0.0+1.21.1 (lepidoptera_api)
		Minecraft 1.21.1 (minecraft)
		NeoForge 21.1.220 (neoforge)
[m[34m[19:10:15][m [32m[main/INFO][m [36m(mixin)[m [0mCompatibility level set to JAVA_21
[m[34m[19:10:15][m [32m[main/INFO][m [36m(LaunchServiceHandler)[m [0mLaunching target 'forgeclientdev' with arguments [--version, 21.1.220, --gameDir, ., --assetsDir, C:\Users\maskr\.gradle\caches\fabric-loom\assets, --assetIndex, 1.21.1-17, --username, Player2]
[m[34m[19:10:15][m [32m[main/INFO][m [36m(unprotect)[m [0mFound 8254 Minecraft classes
[m[34m[19:10:16][m [33m[main/WARN][m [36m(mixin)[m [0mError loading class: org/jetbrains/annotations/ApiStatus$AvailableSince (java.lang.ClassNotFoundException: org.jetbrains.annotations.ApiStatus$AvailableSince)
[m[34m[19:10:16][m [33m[main/WARN][m [36m(mixin)[m [0mError loading class: org/jetbrains/annotations/ApiStatus$Internal (java.lang.ClassNotFoundException: org.jetbrains.annotations.ApiStatus$Internal)
[m[34m[19:10:16][m [33m[main/WARN][m [36m(mixin)[m [0mError loading class: org/jetbrains/annotations/ApiStatus$AvailableSince (java.lang.ClassNotFoundException: org.jetbrains.annotations.ApiStatus$AvailableSince)
[m[34m[19:10:16][m [33m[main/WARN][m [36m(mixin)[m [0mError loading class: org/jetbrains/annotations/ApiStatus$Experimental (java.lang.ClassNotFoundException: org.jetbrains.annotations.ApiStatus$Experimental)
[m[34m[19:10:16][m [33m[main/WARN][m [36m(mixin)[m [0mError loading class: org/jetbrains/annotations/ApiStatus$AvailableSince (java.lang.ClassNotFoundException: org.jetbrains.annotations.ApiStatus$AvailableSince)
[m[34m[19:10:16][m [33m[main/WARN][m [36m(mixin)[m [0mError loading class: org/jetbrains/annotations/ApiStatus$Internal (java.lang.ClassNotFoundException: org.jetbrains.annotations.ApiStatus$Internal)
[m[34m[19:10:16][m [33m[main/WARN][m [36m(mixin)[m [0mError loading class: org/jetbrains/annotations/ApiStatus$AvailableSince (java.lang.ClassNotFoundException: org.jetbrains.annotations.ApiStatus$AvailableSince)
[m[34m[19:10:16][m [33m[main/WARN][m [36m(mixin)[m [0mError loading class: org/jetbrains/annotations/ApiStatus$Experimental (java.lang.ClassNotFoundException: org.jetbrains.annotations.ApiStatus$Experimental)
[m[34m[19:10:16][m [32m[main/INFO][m [36m(MixinExtras|Service)[m [0mInitializing MixinExtras via com.llamalad7.mixinextras.service.MixinExtrasServiceImpl(version=0.5.0).
[mWARN StatusConsoleListener Error parsing URI D:\satyrnidae\minecraft\mods\a-fools-barrel\neoforge\.gradle\loom-cache\log4j.xml
WARN StatusConsoleListener Advanced terminal features are not available in this environment
[19:10:18] [Datafixer Bootstrap/INFO] [mojang/DataFixerBuilder]: 229 Datafixer optimizations took 909 milliseconds
[19:10:18] [main/WARN] [os.dr.wi.pe.PerfmonDisabled/]: Invalid registry value type detected for PerfOS counters. Should be REG_DWORD. Ignoring: HKEY_LOCAL_MACHINE\SYSTEM\CurrentControlSet\Services\PerfOS\Performance\Disable Performance Counters.
[19:10:31] [main/WARN] [minecraft/Commands]: Ambiguity between arguments [teleport, location] and [teleport, destination] with inputs: [0.1 -0.5 .9, 0 0 0]
[19:10:31] [main/WARN] [minecraft/Commands]: Ambiguity between arguments [teleport, location] and [teleport, targets] with inputs: [0.1 -0.5 .9, 0 0 0]
[19:10:31] [main/WARN] [minecraft/Commands]: Ambiguity between arguments [teleport, destination] and [teleport, targets] with inputs: [Player, 0123, @e, dd12be42-52a9-4a91-a8a1-11c01849e498]
[19:10:31] [main/WARN] [minecraft/Commands]: Ambiguity between arguments [teleport, targets] and [teleport, destination] with inputs: [Player, 0123, dd12be42-52a9-4a91-a8a1-11c01849e498]
[19:10:31] [main/WARN] [minecraft/Commands]: Ambiguity between arguments [teleport, targets, location] and [teleport, targets, destination] with inputs: [0.1 -0.5 .9, 0 0 0]
[19:10:32] [Render thread/WARN] [minecraft/VanillaPackResourcesBuilder]: Assets URL 'union:/C:/Users/maskr/.gradle/caches/fabric-loom/minecraftMaven/net/minecraft/neoforge-21.1.220-minecraft-merged/1.21.1-loom.mappings.1_21_1.layered+hash.40359-v2-neoforge-21.1.220/neoforge-21.1.220-minecraft-merged-1.21.1-loom.mappings.1_21_1.layered+hash.40359-v2-neoforge-21.1.220.jar%23202!/assets/.mcassetsroot' uses unexpected schema
[19:10:32] [Render thread/WARN] [minecraft/VanillaPackResourcesBuilder]: Assets URL 'union:/C:/Users/maskr/.gradle/caches/fabric-loom/minecraftMaven/net/minecraft/neoforge-21.1.220-minecraft-merged/1.21.1-loom.mappings.1_21_1.layered+hash.40359-v2-neoforge-21.1.220/neoforge-21.1.220-minecraft-merged-1.21.1-loom.mappings.1_21_1.layered+hash.40359-v2-neoforge-21.1.220.jar%23202!/data/.mcassetsroot' uses unexpected schema
[19:10:32] [Render thread/INFO] [mojang/YggdrasilAuthenticationService]: Environment: Environment[sessionHost=https://sessionserver.mojang.com, servicesHost=https://api.minecraftservices.com, name=PROD]
[19:10:32] [Render thread/INFO] [minecraft/Minecraft]: Setting user: Player2
[19:10:32] [Render thread/INFO] [minecraft/Minecraft]: Backend library: LWJGL version 3.3.3+5
[19:10:33] [modloading-worker-0/INFO] [ne.ne.ne.co.NeoForgeMod/NEOFORGE-MOD]: NeoForge mod loading, version 21.1.220, for MC 1.21.1
[19:10:33] [modloading-worker-0/INFO] [de.sa.le.LepidopteraAPI/]: Initializing Lepidoptera API for NeoForge
[19:10:34] [modloading-worker-0/INFO] [de.sa.le.LepidopteraAPI/]: Lepidoptera API for NeoForge initialized.
[19:10:34] [modloading-worker-0/INFO] [de.sa.fo.FoolsBarrelCommon/]: INIT: Registering sound events for A Fool's Barrel
[19:10:34] [modloading-worker-0/INFO] [de.sa.fo.FoolsBarrelCommon/]: Registering new resource location foolsbarrel:block.barrel.equip
[19:10:36] [Render thread/INFO] [ne.ne.ne.ga.GameTestHooks/]: Enabled Gametest Namespaces: []
[19:10:36] [Render thread/INFO] [minecraft/ReloadableResourceManager]: Reloading ResourceManager: vanilla, mod_resources, mod/cloth_config, mod/architectury, mod/lepidoptera_api, mod/foolsbarrel, mod/generated_9f0c762, mod/neoforge
[19:10:36] [Worker-Main-1/INFO] [de.sa.le.LepidopteraAPI/]: Lepidoptera API for NeoForge entered the post-initialization state.
[19:10:36] [Worker-Main-1/INFO] [de.sa.le.LepidopteraAPI/]: Lepidoptera API for NeoForge post-initialization complete.
[19:10:36] [Worker-Main-1/INFO] [de.sa.fo.FoolsBarrelCommon/]: POST_INIT: Registering dispenser behavior for A Fool's Barrel
[19:10:36] [Worker-Main-9/INFO] [minecraft/UnihexProvider]: Found unifont_all_no_pua-15.1.05.hex, loading
[19:10:36] [Worker-Main-12/INFO] [minecraft/UnihexProvider]: Found unifont_jp_patch-15.1.05.hex, loading
[19:10:36] [Worker-Main-15/INFO] [de.sa.le.LepidopteraAPI/]: Initializing client-side code for Lepidoptera API for NeoForge
[19:10:36] [Worker-Main-15/INFO] [de.sa.le.LepidopteraAPI/]: Initialized client-side code for Lepidoptera API for NeoForge.
[19:10:36] [Worker-Main-15/INFO] [de.sa.fo.FoolsBarrelCommon/]: CLIENT_INIT: Loading A Fool's Barrel client-side
[19:10:38] [Render thread/WARN] [minecraft/SoundEngine]: Missing sound for event: minecraft:item.goat_horn.play
[19:10:38] [Render thread/WARN] [minecraft/SoundEngine]: Missing sound for event: minecraft:entity.goat.screaming.horn_break
[19:10:38] [Render thread/INFO] [mojang/Library]: OpenAL initialized on device OpenAL Soft on Voicemeeter Input (VB-Audio Voicemeeter VAIO)
[19:10:38] [Render thread/INFO] [minecraft/SoundEngine]: Sound engine started
[19:10:38] [Render thread/INFO] [minecraft/TextureAtlas]: Created: 1024x512x4 minecraft:textures/atlas/blocks.png-atlas
[19:10:38] [Render thread/INFO] [minecraft/TextureAtlas]: Created: 256x256x4 minecraft:textures/atlas/signs.png-atlas
[19:10:38] [Render thread/INFO] [minecraft/TextureAtlas]: Created: 512x512x4 minecraft:textures/atlas/shield_patterns.png-atlas
[19:10:38] [Render thread/INFO] [minecraft/TextureAtlas]: Created: 512x512x4 minecraft:textures/atlas/banner_patterns.png-atlas
[19:10:38] [Render thread/INFO] [minecraft/TextureAtlas]: Created: 1024x1024x4 minecraft:textures/atlas/armor_trims.png-atlas
[19:10:38] [Render thread/INFO] [minecraft/TextureAtlas]: Created: 128x64x4 minecraft:textures/atlas/decorated_pot.png-atlas
[19:10:38] [Render thread/INFO] [minecraft/TextureAtlas]: Created: 256x256x4 minecraft:textures/atlas/chest.png-atlas
[19:10:38] [Render thread/INFO] [minecraft/TextureAtlas]: Created: 512x256x4 minecraft:textures/atlas/shulker_boxes.png-atlas
[19:10:38] [Render thread/INFO] [minecraft/TextureAtlas]: Created: 512x256x4 minecraft:textures/atlas/beds.png-atlas
[19:10:39] [Render thread/INFO] [minecraft/TextureAtlas]: Created: 512x256x0 minecraft:textures/atlas/particles.png-atlas
[19:10:39] [Render thread/INFO] [minecraft/TextureAtlas]: Created: 512x256x0 minecraft:textures/atlas/paintings.png-atlas
[19:10:39] [Render thread/INFO] [minecraft/TextureAtlas]: Created: 256x128x0 minecraft:textures/atlas/mob_effects.png-atlas
[19:10:39] [Render thread/INFO] [minecraft/TextureAtlas]: Created: 64x64x0 minecraft:textures/atlas/map_decorations.png-atlas
[19:10:39] [Render thread/INFO] [minecraft/TextureAtlas]: Created: 1024x512x0 minecraft:textures/atlas/gui.png-atlas
[19:10:39] [Render thread/WARN] [minecraft/ShaderInstance]: Shader rendertype_entity_translucent_emissive could not find sampler named Sampler2 in the specified shader program.
[19:10:39] [Render thread/INFO] [ne.ne.ne.cl.en.an.js.AnimationLoader/]: Loaded 0 entity animations
[19:10:52] [Render thread/INFO] [minecraft/ConnectScreen]: Connecting to 192.168.1.231, 65200
[19:10:52] [IO-Worker-1/WARN] [minecraft/ClientHandshakePacketListenerImpl]: Failed to log in: Invalid session (Try restarting your game and the launcher)
[19:10:54] [Render thread/INFO] [minecraft/AdvancementTree]: Loaded 2 advancements
[19:10:54] [Render thread/INFO] [de.sa.fo.FoolsBarrelCommon/]: Registering new resource location foolsbarrel:barrels
[19:11:23] [Render thread/INFO] [minecraft/ChatComponent]: [System] [CHAT] Player2 has made the advancement [Diamonds!]
[19:11:23] [Render thread/INFO] [minecraft/AdvancementTree]: Loaded 21 advancements
[19:11:26] [Render thread/INFO] [minecraft/ChatComponent]: [System] [CHAT] Dev has made the advancement [Diamonds!]
[19:12:10] [Render thread/INFO] [minecraft/Minecraft]: Stopping!

[Incubating] Problems report is available at: file:///D:/satyrnidae/minecraft/mods/a-fools-barrel/build/reports/problems/problems-report.html

Deprecated Gradle features were used in this build, making it incompatible with Gradle 9.0.

You can use '--warning-mode all' to show the individual deprecation warnings and determine if they come from your own scripts or plugins.

For more on this, please refer to https://docs.gradle.org/8.14.4/userguide/command_line_interface.html#sec:command_line_warnings in the Gradle documentation.

BUILD SUCCESSFUL in 2m 9s
11 actionable tasks: 2 executed, 9 up-to-date
