
> Configure project :
Architect Plugin: 3.4.162
Architectury Loom: 1.13.467
This version of Architectury Loom is in beta! Please report any issues you encounter: https://github.com/architectury/architectury-loom/issues
The mixin annotation is no longer enabled by default, you should remove any loom.mixin configuration. If you wish to continue to use the mixin AP you can set useLegacyMixinAp = true.
The mixin annotation is no longer enabled by default, you should remove any loom.mixin configuration. If you wish to continue to use the mixin AP you can set useLegacyMixinAp = true.
The mixin annotation is no longer enabled by default, you should remove any loom.mixin configuration. If you wish to continue to use the mixin AP you can set useLegacyMixinAp = true.
The mixin annotation is no longer enabled by default, you should remove any loom.mixin configuration. If you wish to continue to use the mixin AP you can set useLegacyMixinAp = true.
The mixin annotation is no longer enabled by default, you should remove any loom.mixin configuration. If you wish to continue to use the mixin AP you can set useLegacyMixinAp = true.

> Configure project :common
Previous process has disowned the lock due to abrupt termination.
Found existing cache lock file (ACQUIRED_PREVIOUS_OWNER_DISOWNED), rebuilding loom cache. This may have been caused by a failed or canceled build.
:remapped 1 mods (intermediary -> named) in 588ms
:remapped 1 mods (intermediary -> named) in 631ms
:remapped 3 mods (intermediary -> named) in 700ms
:remapped 3 mods (intermediary -> named) in 721ms
:remapped 3 mods (intermediary -> named) in 676ms
:remapped 1 mods (intermediary -> named) in 662ms
:remapping sources (Mercury, intermediary -> named)

> Configure project :fabric
The mixin annotation is no longer enabled by default, you should remove any loom.mixin configuration. If you wish to continue to use the mixin AP you can set useLegacyMixinAp = true.

> Configure project :quilt
The mixin annotation is no longer enabled by default, you should remove any loom.mixin configuration. If you wish to continue to use the mixin AP you can set useLegacyMixinAp = true.

> Task :neoforge:processResources
Caught exception: Couldn't add watch, error = 1: C:\git\satyrnidae\minecraft\mods\a-fools-barrel

> Task :neoforge:generateLog4jConfig UP-TO-DATE
> Task :neoforge:generateRemapClasspath
> Task :neoforge:generateDLIConfig

> Task :common:compileJava
C:\git\satyrnidae\minecraft\mods\a-fools-barrel\common\src\main\java\dev\satyrn\foolsbarrel\FoolsBarrelCommon.java:25: error: cannot find symbol
import net.minecraft.core.BlockSource;
                         ^
  symbol:   class BlockSource
  location: package net.minecraft.core
C:\git\satyrnidae\minecraft\mods\a-fools-barrel\common\src\main\java\dev\satyrn\foolsbarrel\mixin\world\level\block\BarrelBlockMixin.java:6: error: cannot find symbol
import net.minecraft.world.item.Wearable;
                               ^
  symbol:   class Wearable
  location: package net.minecraft.world.item
C:\git\satyrnidae\minecraft\mods\a-fools-barrel\common\src\main\java\dev\satyrn\foolsbarrel\mixin\world\level\block\BarrelBlockMixin.java:18: error: cannot find symbol
public abstract class BarrelBlockMixin extends BaseEntityBlock implements Wearable {
                                                                          ^
  symbol: class Wearable
C:\git\satyrnidae\minecraft\mods\a-fools-barrel\common\src\main\java\dev\satyrn\foolsbarrel\network\ModPackets.java:7: error: cannot find symbol
import lol.bai.badpackets.api.C2SPacketReceiver;
                             ^
  symbol:   class C2SPacketReceiver
  location: package lol.bai.badpackets.api
C:\git\satyrnidae\minecraft\mods\a-fools-barrel\common\src\main\java\dev\satyrn\foolsbarrel\network\ModPackets.java:9: error: cannot find symbol
import lol.bai.badpackets.api.S2CPacketReceiver;
                             ^
  symbol:   class S2CPacketReceiver
  location: package lol.bai.badpackets.api
C:\git\satyrnidae\minecraft\mods\a-fools-barrel\common\src\main\java\dev\satyrn\foolsbarrel\network\ModPackets.java:10: error: package lol.bai.badpackets.api.event does not exist
import lol.bai.badpackets.api.event.PacketSenderReadyCallback;
                                   ^
C:\git\satyrnidae\minecraft\mods\a-fools-barrel\common\src\main\java\dev\satyrn\foolsbarrel\data\tags\ModItemTags.java:17: error: cannot find symbol
		return TagKey.create(Registry.ITEM_REGISTRY, FoolsBarrelCommon.createId(name));
		                             ^
  symbol:   variable ITEM_REGISTRY
  location: interface Registry
C:\git\satyrnidae\minecraft\mods\a-fools-barrel\common\src\main\java\dev\satyrn\foolsbarrel\FoolsBarrelCommon.java:74: error: cannot find symbol
			protected ItemStack execute(BlockSource blockSource, ItemStack itemStack) {
			                            ^
  symbol: class BlockSource
C:\git\satyrnidae\minecraft\mods\a-fools-barrel\common\src\main\java\dev\satyrn\foolsbarrel\mixin\client\player\LocalPlayerMixin.java:29: error: constructor AbstractClientPlayer in class AbstractClientPlayer cannot be applied to given types;
		super(clientLevel, gameProfile, profilePublicKey);
		^
  required: ClientLevel,GameProfile
  found:    ClientLevel,GameProfile,@org.jetbrains.annotations.Nullable ProfilePublicKey
  reason: actual and formal argument lists differ in length
C:\git\satyrnidae\minecraft\mods\a-fools-barrel\common\src\main\java\dev\satyrn\foolsbarrel\mixin\world\entity\player\PlayerMixin.java:47: error: level has private access in Entity
				this.level.playSound(null, this, SoundEvents.BARREL_OPEN, SoundSource.BLOCKS, 1, 1);
				    ^
C:\git\satyrnidae\minecraft\mods\a-fools-barrel\common\src\main\java\dev\satyrn\foolsbarrel\mixin\world\entity\player\PlayerMixin.java:49: error: level has private access in Entity
				this.level.playSound(null, this, SoundEvents.BARREL_CLOSE, SoundSource.BLOCKS, 1, 1);
				    ^
C:\git\satyrnidae\minecraft\mods\a-fools-barrel\common\src\main\java\dev\satyrn\foolsbarrel\network\ModPackets.java:25: error: cannot find symbol
		PacketSenderReadyCallback.registerServer((handler, sender, server) -> {
		^
  symbol:   variable PacketSenderReadyCallback
  location: class ModPackets
C:\git\satyrnidae\minecraft\mods\a-fools-barrel\common\src\main\java\dev\satyrn\foolsbarrel\network\ModPackets.java:35: error: cannot find symbol
		C2SPacketReceiver.register(VERSION, (server, player, handler, buf, responseSender) -> {
		^
  symbol:   variable C2SPacketReceiver
  location: class ModPackets
C:\git\satyrnidae\minecraft\mods\a-fools-barrel\common\src\main\java\dev\satyrn\foolsbarrel\network\ModPackets.java:43: error: cannot find symbol
		C2SPacketReceiver.register(CONFIG_SYNC_REQ, (server, player, handler, buf, responseSender) -> {
		^
  symbol:   variable C2SPacketReceiver
  location: class ModPackets
C:\git\satyrnidae\minecraft\mods\a-fools-barrel\common\src\main\java\dev\satyrn\foolsbarrel\network\ModPackets.java:50: error: cannot find symbol
		PacketSenderReadyCallback.registerClient((handler, sender, client) -> {
		^
  symbol:   variable PacketSenderReadyCallback
  location: class ModPackets
C:\git\satyrnidae\minecraft\mods\a-fools-barrel\common\src\main\java\dev\satyrn\foolsbarrel\network\ModPackets.java:56: error: cannot find symbol
		S2CPacketReceiver.register(VERSION, ((client, handler, buf, responseSender) -> {
		^
  symbol:   variable S2CPacketReceiver
  location: class ModPackets
C:\git\satyrnidae\minecraft\mods\a-fools-barrel\common\src\main\java\dev\satyrn\foolsbarrel\network\ModPackets.java:63: error: cannot find symbol
		S2CPacketReceiver.register(CONFIG, ((client, handler, buf, responseSender) -> {
		^
  symbol:   variable S2CPacketReceiver
  location: class ModPackets
17 errors

> Task :common:compileJava FAILED
> Task :neoforge:prepareArchitecturyTransformer
[Incubating] Problems report is available at: file:///C:/git/satyrnidae/minecraft/mods/a-fools-barrel/build/reports/problems/problems-report.html

FAILURE: Build failed with an exception.

* What went wrong:
Execution failed for task ':common:compileJava'.
> Compilation failed; see the compiler output below.
  C:\git\satyrnidae\minecraft\mods\a-fools-barrel\common\src\main\java\dev\satyrn\foolsbarrel\mixin\world\level\block\BarrelBlockMixin.java:18: error: cannot find symbol
  public abstract class BarrelBlockMixin extends BaseEntityBlock implements Wearable {
                                                                            ^
    symbol: class Wearable
  C:\git\satyrnidae\minecraft\mods\a-fools-barrel\common\src\main\java\dev\satyrn\foolsbarrel\FoolsBarrelCommon.java:74: error: cannot find symbol
  			protected ItemStack execute(BlockSource blockSource, ItemStack itemStack) {
  			                            ^
    symbol: class BlockSource
  C:\git\satyrnidae\minecraft\mods\a-fools-barrel\common\src\main\java\dev\satyrn\foolsbarrel\network\ModPackets.java:10: error: package lol.bai.badpackets.api.event does not exist
  import lol.bai.badpackets.api.event.PacketSenderReadyCallback;
                                     ^
  C:\git\satyrnidae\minecraft\mods\a-fools-barrel\common\src\main\java\dev\satyrn\foolsbarrel\mixin\client\player\LocalPlayerMixin.java:29: error: constructor AbstractClientPlayer in class AbstractClientPlayer cannot be applied to given types;
  		super(clientLevel, gameProfile, profilePublicKey);
  		^
    required: ClientLevel,GameProfile
    found:    ClientLevel,GameProfile,@org.jetbrains.annotations.Nullable ProfilePublicKey
    reason: actual and formal argument lists differ in length
  C:\git\satyrnidae\minecraft\mods\a-fools-barrel\common\src\main\java\dev\satyrn\foolsbarrel\FoolsBarrelCommon.java:25: error: cannot find symbol
  import net.minecraft.core.BlockSource;
                           ^
    symbol:   class BlockSource
    location: package net.minecraft.core
  C:\git\satyrnidae\minecraft\mods\a-fools-barrel\common\src\main\java\dev\satyrn\foolsbarrel\mixin\world\level\block\BarrelBlockMixin.java:6: error: cannot find symbol
  import net.minecraft.world.item.Wearable;
                                 ^
    symbol:   class Wearable
    location: package net.minecraft.world.item
  C:\git\satyrnidae\minecraft\mods\a-fools-barrel\common\src\main\java\dev\satyrn\foolsbarrel\network\ModPackets.java:7: error: cannot find symbol
  import lol.bai.badpackets.api.C2SPacketReceiver;
                               ^
    symbol:   class C2SPacketReceiver
    location: package lol.bai.badpackets.api
  C:\git\satyrnidae\minecraft\mods\a-fools-barrel\common\src\main\java\dev\satyrn\foolsbarrel\network\ModPackets.java:9: error: cannot find symbol
  import lol.bai.badpackets.api.S2CPacketReceiver;
                               ^
    symbol:   class S2CPacketReceiver
    location: package lol.bai.badpackets.api
  C:\git\satyrnidae\minecraft\mods\a-fools-barrel\common\src\main\java\dev\satyrn\foolsbarrel\data\tags\ModItemTags.java:17: error: cannot find symbol
  		return TagKey.create(Registry.ITEM_REGISTRY, FoolsBarrelCommon.createId(name));
  		                             ^
    symbol:   variable ITEM_REGISTRY
    location: interface Registry
  C:\git\satyrnidae\minecraft\mods\a-fools-barrel\common\src\main\java\dev\satyrn\foolsbarrel\network\ModPackets.java:25: error: cannot find symbol
  		PacketSenderReadyCallback.registerServer((handler, sender, server) -> {
  		^
    symbol:   variable PacketSenderReadyCallback
    location: class ModPackets
  C:\git\satyrnidae\minecraft\mods\a-fools-barrel\common\src\main\java\dev\satyrn\foolsbarrel\network\ModPackets.java:35: error: cannot find symbol
  		C2SPacketReceiver.register(VERSION, (server, player, handler, buf, responseSender) -> {
  		^
    symbol:   variable C2SPacketReceiver
    location: class ModPackets
  C:\git\satyrnidae\minecraft\mods\a-fools-barrel\common\src\main\java\dev\satyrn\foolsbarrel\network\ModPackets.java:43: error: cannot find symbol
  		C2SPacketReceiver.register(CONFIG_SYNC_REQ, (server, player, handler, buf, responseSender) -> {
  		^
    symbol:   variable C2SPacketReceiver
    location: class ModPackets
  C:\git\satyrnidae\minecraft\mods\a-fools-barrel\common\src\main\java\dev\satyrn\foolsbarrel\network\ModPackets.java:50: error: cannot find symbol
  		PacketSenderReadyCallback.registerClient((handler, sender, client) -> {
  		^
    symbol:   variable PacketSenderReadyCallback
    location: class ModPackets
  C:\git\satyrnidae\minecraft\mods\a-fools-barrel\common\src\main\java\dev\satyrn\foolsbarrel\network\ModPackets.java:56: error: cannot find symbol
  		S2CPacketReceiver.register(VERSION, ((client, handler, buf, responseSender) -> {
  		^
    symbol:   variable S2CPacketReceiver
    location: class ModPackets
  C:\git\satyrnidae\minecraft\mods\a-fools-barrel\common\src\main\java\dev\satyrn\foolsbarrel\network\ModPackets.java:63: error: cannot find symbol
  		S2CPacketReceiver.register(CONFIG, ((client, handler, buf, responseSender) -> {
  		^
    symbol:   variable S2CPacketReceiver
    location: class ModPackets
  C:\git\satyrnidae\minecraft\mods\a-fools-barrel\common\src\main\java\dev\satyrn\foolsbarrel\mixin\world\entity\player\PlayerMixin.java:47: error: level has private access in Entity
  				this.level.playSound(null, this, SoundEvents.BARREL_OPEN, SoundSource.BLOCKS, 1, 1);
  				    ^
  C:\git\satyrnidae\minecraft\mods\a-fools-barrel\common\src\main\java\dev\satyrn\foolsbarrel\mixin\world\entity\player\PlayerMixin.java:49: error: level has private access in Entity
  				this.level.playSound(null, this, SoundEvents.BARREL_CLOSE, SoundSource.BLOCKS, 1, 1);
  				    ^
  17 errors

* Try:
> Check your code and dependencies to fix the compilation error(s)
> Run with --scan to get full insights.

* Exception is:
org.gradle.api.tasks.TaskExecutionException: Execution failed for task ':common:compileJava'.
	at org.gradle.api.internal.tasks.execution.ExecuteActionsTaskExecuter.lambda$executeIfValid$1(ExecuteActionsTaskExecuter.java:130)
	at org.gradle.internal.Try$Failure.ifSuccessfulOrElse(Try.java:293)
	at org.gradle.api.internal.tasks.execution.ExecuteActionsTaskExecuter.executeIfValid(ExecuteActionsTaskExecuter.java:128)
	at org.gradle.api.internal.tasks.execution.ExecuteActionsTaskExecuter.execute(ExecuteActionsTaskExecuter.java:116)
	at org.gradle.api.internal.tasks.execution.FinalizePropertiesTaskExecuter.execute(FinalizePropertiesTaskExecuter.java:46)
	at org.gradle.api.internal.tasks.execution.ResolveTaskExecutionModeExecuter.execute(ResolveTaskExecutionModeExecuter.java:51)
	at org.gradle.api.internal.tasks.execution.SkipTaskWithNoActionsExecuter.execute(SkipTaskWithNoActionsExecuter.java:57)
	at org.gradle.api.internal.tasks.execution.SkipOnlyIfTaskExecuter.execute(SkipOnlyIfTaskExecuter.java:74)
	at org.gradle.api.internal.tasks.execution.CatchExceptionTaskExecuter.execute(CatchExceptionTaskExecuter.java:36)
	at org.gradle.api.internal.tasks.execution.EventFiringTaskExecuter$1.executeTask(EventFiringTaskExecuter.java:77)
	at org.gradle.api.internal.tasks.execution.EventFiringTaskExecuter$1.call(EventFiringTaskExecuter.java:55)
	at org.gradle.api.internal.tasks.execution.EventFiringTaskExecuter$1.call(EventFiringTaskExecuter.java:52)
	at org.gradle.internal.operations.DefaultBuildOperationRunner$CallableBuildOperationWorker.execute(DefaultBuildOperationRunner.java:209)
	at org.gradle.internal.operations.DefaultBuildOperationRunner$CallableBuildOperationWorker.execute(DefaultBuildOperationRunner.java:204)
	at org.gradle.internal.operations.DefaultBuildOperationRunner$2.execute(DefaultBuildOperationRunner.java:66)
	at org.gradle.internal.operations.DefaultBuildOperationRunner$2.execute(DefaultBuildOperationRunner.java:59)
	at org.gradle.internal.operations.DefaultBuildOperationRunner.execute(DefaultBuildOperationRunner.java:166)
	at org.gradle.internal.operations.DefaultBuildOperationRunner.execute(DefaultBuildOperationRunner.java:59)
	at org.gradle.internal.operations.DefaultBuildOperationRunner.call(DefaultBuildOperationRunner.java:53)
	at org.gradle.api.internal.tasks.execution.EventFiringTaskExecuter.execute(EventFiringTaskExecuter.java:52)
	at org.gradle.execution.plan.LocalTaskNodeExecutor.execute(LocalTaskNodeExecutor.java:42)
	at org.gradle.execution.taskgraph.DefaultTaskExecutionGraph$InvokeNodeExecutorsAction.execute(DefaultTaskExecutionGraph.java:331)
	at org.gradle.execution.taskgraph.DefaultTaskExecutionGraph$InvokeNodeExecutorsAction.execute(DefaultTaskExecutionGraph.java:318)
	at org.gradle.execution.taskgraph.DefaultTaskExecutionGraph$BuildOperationAwareExecutionAction.lambda$execute$0(DefaultTaskExecutionGraph.java:314)
	at org.gradle.internal.operations.CurrentBuildOperationRef.with(CurrentBuildOperationRef.java:85)
	at org.gradle.execution.taskgraph.DefaultTaskExecutionGraph$BuildOperationAwareExecutionAction.execute(DefaultTaskExecutionGraph.java:314)
	at org.gradle.execution.taskgraph.DefaultTaskExecutionGraph$BuildOperationAwareExecutionAction.execute(DefaultTaskExecutionGraph.java:303)
	at org.gradle.execution.plan.DefaultPlanExecutor$ExecutorWorker.execute(DefaultPlanExecutor.java:459)
	at org.gradle.execution.plan.DefaultPlanExecutor$ExecutorWorker.run(DefaultPlanExecutor.java:376)
	at org.gradle.internal.concurrent.ExecutorPolicy$CatchAndRecordFailures.onExecute(ExecutorPolicy.java:64)
	at org.gradle.internal.concurrent.AbstractManagedExecutor$1.run(AbstractManagedExecutor.java:48)
Caused by: org.gradle.api.internal.tasks.compile.CompilationFailedException: Compilation failed; see the compiler output below.
C:\git\satyrnidae\minecraft\mods\a-fools-barrel\common\src\main\java\dev\satyrn\foolsbarrel\mixin\world\level\block\BarrelBlockMixin.java:18: error: cannot find symbol
public abstract class BarrelBlockMixin extends BaseEntityBlock implements Wearable {
                                                                          ^
  symbol: class Wearable
C:\git\satyrnidae\minecraft\mods\a-fools-barrel\common\src\main\java\dev\satyrn\foolsbarrel\FoolsBarrelCommon.java:74: error: cannot find symbol
			protected ItemStack execute(BlockSource blockSource, ItemStack itemStack) {
			                            ^
  symbol: class BlockSource
C:\git\satyrnidae\minecraft\mods\a-fools-barrel\common\src\main\java\dev\satyrn\foolsbarrel\network\ModPackets.java:10: error: package lol.bai.badpackets.api.event does not exist
import lol.bai.badpackets.api.event.PacketSenderReadyCallback;
                                   ^
C:\git\satyrnidae\minecraft\mods\a-fools-barrel\common\src\main\java\dev\satyrn\foolsbarrel\mixin\client\player\LocalPlayerMixin.java:29: error: constructor AbstractClientPlayer in class AbstractClientPlayer cannot be applied to given types;
		super(clientLevel, gameProfile, profilePublicKey);
		^
  required: ClientLevel,GameProfile
  found:    ClientLevel,GameProfile,@org.jetbrains.annotations.Nullable ProfilePublicKey
  reason: actual and formal argument lists differ in length
C:\git\satyrnidae\minecraft\mods\a-fools-barrel\common\src\main\java\dev\satyrn\foolsbarrel\FoolsBarrelCommon.java:25: error: cannot find symbol
import net.minecraft.core.BlockSource;
                         ^
  symbol:   class BlockSource
  location: package net.minecraft.core
C:\git\satyrnidae\minecraft\mods\a-fools-barrel\common\src\main\java\dev\satyrn\foolsbarrel\mixin\world\level\block\BarrelBlockMixin.java:6: error: cannot find symbol
import net.minecraft.world.item.Wearable;
                               ^
  symbol:   class Wearable
  location: package net.minecraft.world.item
C:\git\satyrnidae\minecraft\mods\a-fools-barrel\common\src\main\java\dev\satyrn\foolsbarrel\network\ModPackets.java:7: error: cannot find symbol
import lol.bai.badpackets.api.C2SPacketReceiver;
                             ^
  symbol:   class C2SPacketReceiver
  location: package lol.bai.badpackets.api
C:\git\satyrnidae\minecraft\mods\a-fools-barrel\common\src\main\java\dev\satyrn\foolsbarrel\network\ModPackets.java:9: error: cannot find symbol
import lol.bai.badpackets.api.S2CPacketReceiver;
                             ^
  symbol:   class S2CPacketReceiver
  location: package lol.bai.badpackets.api
C:\git\satyrnidae\minecraft\mods\a-fools-barrel\common\src\main\java\dev\satyrn\foolsbarrel\data\tags\ModItemTags.java:17: error: cannot find symbol
		return TagKey.create(Registry.ITEM_REGISTRY, FoolsBarrelCommon.createId(name));
		                             ^
  symbol:   variable ITEM_REGISTRY
  location: interface Registry
C:\git\satyrnidae\minecraft\mods\a-fools-barrel\common\src\main\java\dev\satyrn\foolsbarrel\network\ModPackets.java:25: error: cannot find symbol
		PacketSenderReadyCallback.registerServer((handler, sender, server) -> {
		^
  symbol:   variable PacketSenderReadyCallback
  location: class ModPackets
C:\git\satyrnidae\minecraft\mods\a-fools-barrel\common\src\main\java\dev\satyrn\foolsbarrel\network\ModPackets.java:35: error: cannot find symbol
		C2SPacketReceiver.register(VERSION, (server, player, handler, buf, responseSender) -> {
		^
  symbol:   variable C2SPacketReceiver
  location: class ModPackets
C:\git\satyrnidae\minecraft\mods\a-fools-barrel\common\src\main\java\dev\satyrn\foolsbarrel\network\ModPackets.java:43: error: cannot find symbol
		C2SPacketReceiver.register(CONFIG_SYNC_REQ, (server, player, handler, buf, responseSender) -> {
		^
  symbol:   variable C2SPacketReceiver
  location: class ModPackets
C:\git\satyrnidae\minecraft\mods\a-fools-barrel\common\src\main\java\dev\satyrn\foolsbarrel\network\ModPackets.java:50: error: cannot find symbol
		PacketSenderReadyCallback.registerClient((handler, sender, client) -> {
		^
  symbol:   variable PacketSenderReadyCallback
  location: class ModPackets
C:\git\satyrnidae\minecraft\mods\a-fools-barrel\common\src\main\java\dev\satyrn\foolsbarrel\network\ModPackets.java:56: error: cannot find symbol
		S2CPacketReceiver.register(VERSION, ((client, handler, buf, responseSender) -> {
		^
  symbol:   variable S2CPacketReceiver
  location: class ModPackets
C:\git\satyrnidae\minecraft\mods\a-fools-barrel\common\src\main\java\dev\satyrn\foolsbarrel\network\ModPackets.java:63: error: cannot find symbol
		S2CPacketReceiver.register(CONFIG, ((client, handler, buf, responseSender) -> {
		^
  symbol:   variable S2CPacketReceiver
  location: class ModPackets
C:\git\satyrnidae\minecraft\mods\a-fools-barrel\common\src\main\java\dev\satyrn\foolsbarrel\mixin\world\entity\player\PlayerMixin.java:47: error: level has private access in Entity
				this.level.playSound(null, this, SoundEvents.BARREL_OPEN, SoundSource.BLOCKS, 1, 1);
				    ^
C:\git\satyrnidae\minecraft\mods\a-fools-barrel\common\src\main\java\dev\satyrn\foolsbarrel\mixin\world\entity\player\PlayerMixin.java:49: error: level has private access in Entity
				this.level.playSound(null, this, SoundEvents.BARREL_CLOSE, SoundSource.BLOCKS, 1, 1);
				    ^
17 errors
	at org.gradle.api.internal.tasks.compile.JdkJavaCompiler.execute(JdkJavaCompiler.java:84)
	at org.gradle.api.internal.tasks.compile.JdkJavaCompiler.execute(JdkJavaCompiler.java:46)
	at org.gradle.api.internal.tasks.compile.NormalizingJavaCompiler.delegateAndHandleErrors(NormalizingJavaCompiler.java:98)
	at org.gradle.api.internal.tasks.compile.NormalizingJavaCompiler.execute(NormalizingJavaCompiler.java:52)
	at org.gradle.api.internal.tasks.compile.NormalizingJavaCompiler.execute(NormalizingJavaCompiler.java:38)
	at org.gradle.api.internal.tasks.compile.AnnotationProcessorDiscoveringCompiler.execute(AnnotationProcessorDiscoveringCompiler.java:52)
	at org.gradle.api.internal.tasks.compile.AnnotationProcessorDiscoveringCompiler.execute(AnnotationProcessorDiscoveringCompiler.java:38)
	at org.gradle.api.internal.tasks.compile.ModuleApplicationNameWritingCompiler.execute(ModuleApplicationNameWritingCompiler.java:46)
	at org.gradle.api.internal.tasks.compile.ModuleApplicationNameWritingCompiler.execute(ModuleApplicationNameWritingCompiler.java:36)
	at org.gradle.jvm.toolchain.internal.DefaultToolchainJavaCompiler.execute(DefaultToolchainJavaCompiler.java:57)
	at org.gradle.api.tasks.compile.JavaCompile.lambda$createToolchainCompiler$3(JavaCompile.java:205)
	at org.gradle.api.internal.tasks.compile.CleaningJavaCompiler.execute(CleaningJavaCompiler.java:53)
	at org.gradle.api.internal.tasks.compile.incremental.IncrementalCompilerFactory.lambda$createRebuildAllCompiler$0(IncrementalCompilerFactory.java:52)
	at org.gradle.api.internal.tasks.compile.incremental.SelectiveCompiler.execute(SelectiveCompiler.java:70)
	at org.gradle.api.internal.tasks.compile.incremental.SelectiveCompiler.execute(SelectiveCompiler.java:44)
	at org.gradle.api.internal.tasks.compile.incremental.IncrementalResultStoringCompiler.execute(IncrementalResultStoringCompiler.java:66)
	at org.gradle.api.internal.tasks.compile.incremental.IncrementalResultStoringCompiler.execute(IncrementalResultStoringCompiler.java:52)
	at org.gradle.api.internal.tasks.compile.CompileJavaBuildOperationReportingCompiler$1.call(CompileJavaBuildOperationReportingCompiler.java:64)
	at org.gradle.api.internal.tasks.compile.CompileJavaBuildOperationReportingCompiler$1.call(CompileJavaBuildOperationReportingCompiler.java:48)
	at org.gradle.internal.operations.DefaultBuildOperationRunner$CallableBuildOperationWorker.execute(DefaultBuildOperationRunner.java:209)
	at org.gradle.internal.operations.DefaultBuildOperationRunner$CallableBuildOperationWorker.execute(DefaultBuildOperationRunner.java:204)
	at org.gradle.internal.operations.DefaultBuildOperationRunner$2.execute(DefaultBuildOperationRunner.java:66)
	at org.gradle.internal.operations.DefaultBuildOperationRunner$2.execute(DefaultBuildOperationRunner.java:59)
	at org.gradle.internal.operations.DefaultBuildOperationRunner.execute(DefaultBuildOperationRunner.java:166)
	at org.gradle.internal.operations.DefaultBuildOperationRunner.execute(DefaultBuildOperationRunner.java:59)
	at org.gradle.internal.operations.DefaultBuildOperationRunner.call(DefaultBuildOperationRunner.java:53)
	at org.gradle.api.internal.tasks.compile.CompileJavaBuildOperationReportingCompiler.execute(CompileJavaBuildOperationReportingCompiler.java:48)
	at org.gradle.api.tasks.compile.JavaCompile.performCompilation(JavaCompile.java:223)
	at org.gradle.api.tasks.compile.JavaCompile.performIncrementalCompilation(JavaCompile.java:164)
	at org.gradle.api.tasks.compile.JavaCompile.compile(JavaCompile.java:149)
	at java.base/jdk.internal.reflect.DirectMethodHandleAccessor.invoke(DirectMethodHandleAccessor.java:103)
	at org.gradle.internal.reflect.JavaMethod.invoke(JavaMethod.java:125)
	at org.gradle.api.internal.project.taskfactory.IncrementalTaskAction.doExecute(IncrementalTaskAction.java:45)
	at org.gradle.api.internal.project.taskfactory.StandardTaskAction.execute(StandardTaskAction.java:51)
	at org.gradle.api.internal.project.taskfactory.IncrementalTaskAction.execute(IncrementalTaskAction.java:26)
	at org.gradle.api.internal.project.taskfactory.StandardTaskAction.execute(StandardTaskAction.java:29)
	at org.gradle.api.internal.tasks.execution.TaskExecution$3.run(TaskExecution.java:244)
	at org.gradle.internal.operations.DefaultBuildOperationRunner$1.execute(DefaultBuildOperationRunner.java:29)
	at org.gradle.internal.operations.DefaultBuildOperationRunner$1.execute(DefaultBuildOperationRunner.java:26)
	at org.gradle.internal.operations.DefaultBuildOperationRunner$2.execute(DefaultBuildOperationRunner.java:66)
	at org.gradle.internal.operations.DefaultBuildOperationRunner$2.execute(DefaultBuildOperationRunner.java:59)
	at org.gradle.internal.operations.DefaultBuildOperationRunner.execute(DefaultBuildOperationRunner.java:166)
	at org.gradle.internal.operations.DefaultBuildOperationRunner.execute(DefaultBuildOperationRunner.java:59)
	at org.gradle.internal.operations.DefaultBuildOperationRunner.run(DefaultBuildOperationRunner.java:47)
	at org.gradle.api.internal.tasks.execution.TaskExecution.executeAction(TaskExecution.java:229)
	at org.gradle.api.internal.tasks.execution.TaskExecution.executeActions(TaskExecution.java:212)
	at org.gradle.api.internal.tasks.execution.TaskExecution.executeWithPreviousOutputFiles(TaskExecution.java:195)
	at org.gradle.api.internal.tasks.execution.TaskExecution.execute(TaskExecution.java:162)
	at org.gradle.internal.execution.steps.ExecuteStep.executeInternal(ExecuteStep.java:105)
	at org.gradle.internal.execution.steps.ExecuteStep.access$000(ExecuteStep.java:44)
	at org.gradle.internal.execution.steps.ExecuteStep$1.call(ExecuteStep.java:59)
	at org.gradle.internal.execution.steps.ExecuteStep$1.call(ExecuteStep.java:56)
	at org.gradle.internal.operations.DefaultBuildOperationRunner$CallableBuildOperationWorker.execute(DefaultBuildOperationRunner.java:209)
	at org.gradle.internal.operations.DefaultBuildOperationRunner$CallableBuildOperationWorker.execute(DefaultBuildOperationRunner.java:204)
	at org.gradle.internal.operations.DefaultBuildOperationRunner$2.execute(DefaultBuildOperationRunner.java:66)
	at org.gradle.internal.operations.DefaultBuildOperationRunner$2.execute(DefaultBuildOperationRunner.java:59)
	at org.gradle.internal.operations.DefaultBuildOperationRunner.execute(DefaultBuildOperationRunner.java:166)
	at org.gradle.internal.operations.DefaultBuildOperationRunner.execute(DefaultBuildOperationRunner.java:59)
	at org.gradle.internal.operations.DefaultBuildOperationRunner.call(DefaultBuildOperationRunner.java:53)
	at org.gradle.internal.execution.steps.ExecuteStep.execute(ExecuteStep.java:56)
	at org.gradle.internal.execution.steps.ExecuteStep.execute(ExecuteStep.java:44)
	at org.gradle.internal.execution.steps.CancelExecutionStep.execute(CancelExecutionStep.java:42)
	at org.gradle.internal.execution.steps.TimeoutStep.executeWithoutTimeout(TimeoutStep.java:75)
	at org.gradle.internal.execution.steps.TimeoutStep.execute(TimeoutStep.java:55)
	at org.gradle.internal.execution.steps.PreCreateOutputParentsStep.execute(PreCreateOutputParentsStep.java:50)
	at org.gradle.internal.execution.steps.PreCreateOutputParentsStep.execute(PreCreateOutputParentsStep.java:28)
	at org.gradle.internal.execution.steps.RemovePreviousOutputsStep.execute(RemovePreviousOutputsStep.java:67)
	at org.gradle.internal.execution.steps.RemovePreviousOutputsStep.execute(RemovePreviousOutputsStep.java:37)
	at org.gradle.internal.execution.steps.BroadcastChangingOutputsStep.execute(BroadcastChangingOutputsStep.java:61)
	at org.gradle.internal.execution.steps.BroadcastChangingOutputsStep.execute(BroadcastChangingOutputsStep.java:26)
	at org.gradle.internal.execution.steps.CaptureOutputsAfterExecutionStep.execute(CaptureOutputsAfterExecutionStep.java:69)
	at org.gradle.internal.execution.steps.CaptureOutputsAfterExecutionStep.execute(CaptureOutputsAfterExecutionStep.java:46)
	at org.gradle.internal.execution.steps.ResolveInputChangesStep.execute(ResolveInputChangesStep.java:40)
	at org.gradle.internal.execution.steps.ResolveInputChangesStep.execute(ResolveInputChangesStep.java:29)
	at org.gradle.internal.execution.steps.BuildCacheStep.executeWithoutCache(BuildCacheStep.java:189)
	at org.gradle.internal.execution.steps.BuildCacheStep.lambda$execute$1(BuildCacheStep.java:75)
	at org.gradle.internal.Either$Right.fold(Either.java:175)
	at org.gradle.internal.execution.caching.CachingState.fold(CachingState.java:62)
	at org.gradle.internal.execution.steps.BuildCacheStep.execute(BuildCacheStep.java:73)
	at org.gradle.internal.execution.steps.BuildCacheStep.execute(BuildCacheStep.java:48)
	at org.gradle.internal.execution.steps.StoreExecutionStateStep.execute(StoreExecutionStateStep.java:46)
	at org.gradle.internal.execution.steps.StoreExecutionStateStep.execute(StoreExecutionStateStep.java:35)
	at org.gradle.internal.execution.steps.SkipUpToDateStep.executeBecause(SkipUpToDateStep.java:75)
	at org.gradle.internal.execution.steps.SkipUpToDateStep.lambda$execute$2(SkipUpToDateStep.java:53)
	at org.gradle.internal.execution.steps.SkipUpToDateStep.execute(SkipUpToDateStep.java:53)
	at org.gradle.internal.execution.steps.SkipUpToDateStep.execute(SkipUpToDateStep.java:35)
	at org.gradle.internal.execution.steps.legacy.MarkSnapshottingInputsFinishedStep.execute(MarkSnapshottingInputsFinishedStep.java:37)
	at org.gradle.internal.execution.steps.legacy.MarkSnapshottingInputsFinishedStep.execute(MarkSnapshottingInputsFinishedStep.java:27)
	at org.gradle.internal.execution.steps.ResolveIncrementalCachingStateStep.executeDelegate(ResolveIncrementalCachingStateStep.java:49)
	at org.gradle.internal.execution.steps.ResolveIncrementalCachingStateStep.executeDelegate(ResolveIncrementalCachingStateStep.java:27)
	at org.gradle.internal.execution.steps.AbstractResolveCachingStateStep.execute(AbstractResolveCachingStateStep.java:71)
	at org.gradle.internal.execution.steps.AbstractResolveCachingStateStep.execute(AbstractResolveCachingStateStep.java:39)
	at org.gradle.internal.execution.steps.ResolveChangesStep.execute(ResolveChangesStep.java:65)
	at org.gradle.internal.execution.steps.ResolveChangesStep.execute(ResolveChangesStep.java:36)
	at org.gradle.internal.execution.steps.ValidateStep.execute(ValidateStep.java:107)
	at org.gradle.internal.execution.steps.ValidateStep.execute(ValidateStep.java:56)
	at org.gradle.internal.execution.steps.AbstractCaptureStateBeforeExecutionStep.execute(AbstractCaptureStateBeforeExecutionStep.java:64)
	at org.gradle.internal.execution.steps.AbstractCaptureStateBeforeExecutionStep.execute(AbstractCaptureStateBeforeExecutionStep.java:43)
	at org.gradle.internal.execution.steps.AbstractSkipEmptyWorkStep.executeWithNonEmptySources(AbstractSkipEmptyWorkStep.java:125)
	at org.gradle.internal.execution.steps.AbstractSkipEmptyWorkStep.execute(AbstractSkipEmptyWorkStep.java:61)
	at org.gradle.internal.execution.steps.AbstractSkipEmptyWorkStep.execute(AbstractSkipEmptyWorkStep.java:36)
	at org.gradle.internal.execution.steps.legacy.MarkSnapshottingInputsStartedStep.execute(MarkSnapshottingInputsStartedStep.java:38)
	at org.gradle.internal.execution.steps.LoadPreviousExecutionStateStep.execute(LoadPreviousExecutionStateStep.java:36)
	at org.gradle.internal.execution.steps.LoadPreviousExecutionStateStep.execute(LoadPreviousExecutionStateStep.java:23)
	at org.gradle.internal.execution.steps.HandleStaleOutputsStep.execute(HandleStaleOutputsStep.java:75)
	at org.gradle.internal.execution.steps.HandleStaleOutputsStep.execute(HandleStaleOutputsStep.java:41)
	at org.gradle.internal.execution.steps.AssignMutableWorkspaceStep.lambda$execute$0(AssignMutableWorkspaceStep.java:35)
	at org.gradle.api.internal.tasks.execution.TaskExecution$4.withWorkspace(TaskExecution.java:289)
	at org.gradle.internal.execution.steps.AssignMutableWorkspaceStep.execute(AssignMutableWorkspaceStep.java:31)
	at org.gradle.internal.execution.steps.AssignMutableWorkspaceStep.execute(AssignMutableWorkspaceStep.java:22)
	at org.gradle.internal.execution.steps.ChoosePipelineStep.execute(ChoosePipelineStep.java:40)
	at org.gradle.internal.execution.steps.ChoosePipelineStep.execute(ChoosePipelineStep.java:23)
	at org.gradle.internal.execution.steps.ExecuteWorkBuildOperationFiringStep.lambda$execute$2(ExecuteWorkBuildOperationFiringStep.java:67)
	at org.gradle.internal.execution.steps.ExecuteWorkBuildOperationFiringStep.execute(ExecuteWorkBuildOperationFiringStep.java:67)
	at org.gradle.internal.execution.steps.ExecuteWorkBuildOperationFiringStep.execute(ExecuteWorkBuildOperationFiringStep.java:39)
	at org.gradle.internal.execution.steps.IdentityCacheStep.execute(IdentityCacheStep.java:46)
	at org.gradle.internal.execution.steps.IdentityCacheStep.execute(IdentityCacheStep.java:34)
	at org.gradle.internal.execution.steps.IdentifyStep.execute(IdentifyStep.java:48)
	at org.gradle.internal.execution.steps.IdentifyStep.execute(IdentifyStep.java:35)
	at org.gradle.internal.execution.impl.DefaultExecutionEngine$1.execute(DefaultExecutionEngine.java:61)
	at org.gradle.api.internal.tasks.execution.ExecuteActionsTaskExecuter.executeIfValid(ExecuteActionsTaskExecuter.java:127)
	at org.gradle.api.internal.tasks.execution.ExecuteActionsTaskExecuter.execute(ExecuteActionsTaskExecuter.java:116)
	at org.gradle.api.internal.tasks.execution.FinalizePropertiesTaskExecuter.execute(FinalizePropertiesTaskExecuter.java:46)
	at org.gradle.api.internal.tasks.execution.ResolveTaskExecutionModeExecuter.execute(ResolveTaskExecutionModeExecuter.java:51)
	at org.gradle.api.internal.tasks.execution.SkipTaskWithNoActionsExecuter.execute(SkipTaskWithNoActionsExecuter.java:57)
	at org.gradle.api.internal.tasks.execution.SkipOnlyIfTaskExecuter.execute(SkipOnlyIfTaskExecuter.java:74)
	at org.gradle.api.internal.tasks.execution.CatchExceptionTaskExecuter.execute(CatchExceptionTaskExecuter.java:36)
	at org.gradle.api.internal.tasks.execution.EventFiringTaskExecuter$1.executeTask(EventFiringTaskExecuter.java:77)
	at org.gradle.api.internal.tasks.execution.EventFiringTaskExecuter$1.call(EventFiringTaskExecuter.java:55)
	at org.gradle.api.internal.tasks.execution.EventFiringTaskExecuter$1.call(EventFiringTaskExecuter.java:52)
	at org.gradle.internal.operations.DefaultBuildOperationRunner$CallableBuildOperationWorker.execute(DefaultBuildOperationRunner.java:209)
	at org.gradle.internal.operations.DefaultBuildOperationRunner$CallableBuildOperationWorker.execute(DefaultBuildOperationRunner.java:204)
	at org.gradle.internal.operations.DefaultBuildOperationRunner$2.execute(DefaultBuildOperationRunner.java:66)
	at org.gradle.internal.operations.DefaultBuildOperationRunner$2.execute(DefaultBuildOperationRunner.java:59)
	at org.gradle.internal.operations.DefaultBuildOperationRunner.execute(DefaultBuildOperationRunner.java:166)
	at org.gradle.internal.operations.DefaultBuildOperationRunner.execute(DefaultBuildOperationRunner.java:59)
	at org.gradle.internal.operations.DefaultBuildOperationRunner.call(DefaultBuildOperationRunner.java:53)
	at org.gradle.api.internal.tasks.execution.EventFiringTaskExecuter.execute(EventFiringTaskExecuter.java:52)
	at org.gradle.execution.plan.LocalTaskNodeExecutor.execute(LocalTaskNodeExecutor.java:42)
	at org.gradle.execution.taskgraph.DefaultTaskExecutionGraph$InvokeNodeExecutorsAction.execute(DefaultTaskExecutionGraph.java:331)
	at org.gradle.execution.taskgraph.DefaultTaskExecutionGraph$InvokeNodeExecutorsAction.execute(DefaultTaskExecutionGraph.java:318)
	at org.gradle.execution.taskgraph.DefaultTaskExecutionGraph$BuildOperationAwareExecutionAction.lambda$execute$0(DefaultTaskExecutionGraph.java:314)
	at org.gradle.internal.operations.CurrentBuildOperationRef.with(CurrentBuildOperationRef.java:85)
	at org.gradle.execution.taskgraph.DefaultTaskExecutionGraph$BuildOperationAwareExecutionAction.execute(DefaultTaskExecutionGraph.java:314)
	at org.gradle.execution.taskgraph.DefaultTaskExecutionGraph$BuildOperationAwareExecutionAction.execute(DefaultTaskExecutionGraph.java:303)
	at org.gradle.execution.plan.DefaultPlanExecutor$ExecutorWorker.execute(DefaultPlanExecutor.java:459)
	at org.gradle.execution.plan.DefaultPlanExecutor$ExecutorWorker.run(DefaultPlanExecutor.java:376)
	at org.gradle.internal.concurrent.ExecutorPolicy$CatchAndRecordFailures.onExecute(ExecutorPolicy.java:64)
	at org.gradle.internal.concurrent.AbstractManagedExecutor$1.run(AbstractManagedExecutor.java:48)


BUILD FAILED in 41s
6 actionable tasks: 5 executed, 1 up-to-date
